<?xml version="1.0" encoding="UTF-8"?>
<robot generator="Robot 6.0.1 (Python 3.11.1 on win32)" generated="20221214 13:53:57.946" rpa="false" schemaversion="3">
<suite id="s1" name="Amazon Testes Gherkin Bdd" source="D:\CursoUdemy\RobotFramework\WebTesting\amazon_testes_gherkin_bdd.robot">
<test id="s1-t1" name="Caso de Teste 04 - Remover Produto do Carrinho" line="35">
<kw name="Abrir o navegador" library="amazon_resources" type="SETUP">
<kw name="Open Browser" library="SeleniumLibrary">
<arg>browser=chrome</arg>
<doc>Opens a new browser instance to the optional ``url``.</doc>
<msg timestamp="20221214 13:53:58.167" level="INFO">Opening browser 'chrome' to base url 'None'.</msg>
<status status="PASS" starttime="20221214 13:53:58.166" endtime="20221214 13:53:59.325"/>
</kw>
<kw name="Maximize Browser Window" library="SeleniumLibrary">
<doc>Maximizes current browser window.</doc>
<status status="PASS" starttime="20221214 13:53:59.325" endtime="20221214 13:53:59.439"/>
</kw>
<status status="PASS" starttime="20221214 13:53:58.166" endtime="20221214 13:53:59.439"/>
</kw>
<kw name="Dado que estou na home page da Amazon.com.br" library="amazon_resources">
<kw name="Acessar a home page do site Amazon.com.br" library="amazon_resources">
<kw name="Go To" library="SeleniumLibrary">
<arg>url=${URL}</arg>
<doc>Navigates the current browser window to the provided ``url``.</doc>
<msg timestamp="20221214 13:53:59.440" level="INFO">Opening url 'https://www.amazon.com.br/'</msg>
<status status="PASS" starttime="20221214 13:53:59.440" endtime="20221214 13:54:00.980"/>
</kw>
<kw name="Wait Until Element Is Visible" library="SeleniumLibrary">
<arg>locator=${MENU_ELETRONICOS}</arg>
<doc>Waits until the element ``locator`` is visible.</doc>
<status status="PASS" starttime="20221214 13:54:00.981" endtime="20221214 13:54:01.043"/>
</kw>
<status status="PASS" starttime="20221214 13:53:59.440" endtime="20221214 13:54:01.043"/>
</kw>
<kw name="Verificar se o título da página fica &quot;Amazon.com.br | Tudo pra você, de A a Z.&quot;" library="amazon_resources" sourcename="Verificar se o título da página fica &quot;${TITULO}&quot;">
<kw name="Title Should Be" library="SeleniumLibrary">
<arg>title=${TITULO}</arg>
<doc>Verifies that the current page title equals ``title``.</doc>
<msg timestamp="20221214 13:54:01.047" level="INFO">Page title is 'Amazon.com.br | Tudo pra você, de A a Z.'.</msg>
<status status="PASS" starttime="20221214 13:54:01.043" endtime="20221214 13:54:01.047"/>
</kw>
<status status="PASS" starttime="20221214 13:54:01.043" endtime="20221214 13:54:01.047"/>
</kw>
<status status="PASS" starttime="20221214 13:53:59.440" endtime="20221214 13:54:01.047"/>
</kw>
<kw name="E existe o produto &quot;Console Xbox Series S&quot; no carrinho" library="amazon_resources">
<kw name="Digitar o nome de produto &quot;Xbox Series S&quot; no campo de pesquisa" library="amazon_resources" sourcename="Digitar o nome de produto &quot;${PRODUTO}&quot; no campo de pesquisa">
<kw name="Input Text" library="SeleniumLibrary">
<arg>locator=twotabsearchtextbox</arg>
<arg>text=${PRODUTO}</arg>
<doc>Types the given ``text`` into the text field identified by ``locator``.</doc>
<msg timestamp="20221214 13:54:01.048" level="INFO">Typing text 'Xbox Series S' into text field 'twotabsearchtextbox'.</msg>
<status status="PASS" starttime="20221214 13:54:01.048" endtime="20221214 13:54:01.260"/>
</kw>
<status status="PASS" starttime="20221214 13:54:01.048" endtime="20221214 13:54:01.260"/>
</kw>
<kw name="Clicar no botão de pesquisa" library="amazon_resources">
<kw name="Click Element" library="SeleniumLibrary">
<arg>locator=nav-search-submit-button</arg>
<doc>Click the element identified by ``locator``.</doc>
<msg timestamp="20221214 13:54:01.260" level="INFO">Clicking element 'nav-search-submit-button'.</msg>
<status status="PASS" starttime="20221214 13:54:01.260" endtime="20221214 13:54:01.400"/>
</kw>
<status status="PASS" starttime="20221214 13:54:01.260" endtime="20221214 13:54:01.401"/>
</kw>
<kw name="Verificar o resultado da pesquisa se está listando o produto &quot;Console Xbox Series S&quot;" library="amazon_resources" sourcename="Verificar o resultado da pesquisa se está listando o produto ${PRODUTO}">
<kw name="Wait Until Element Is Visible" library="SeleniumLibrary">
<arg>locator=(//span[contains(.,${PRODUTO})])[3]</arg>
<doc>Waits until the element ``locator`` is visible.</doc>
<status status="PASS" starttime="20221214 13:54:01.402" endtime="20221214 13:54:02.748"/>
</kw>
<status status="PASS" starttime="20221214 13:54:01.401" endtime="20221214 13:54:02.748"/>
</kw>
<kw name="Adicionar o produto &quot;Console Xbox Series S&quot; no carrinho" library="amazon_resources" sourcename="Adicionar o produto &quot;${PRODUTO}&quot; no carrinho">
<kw name="Click Element" library="SeleniumLibrary">
<arg>locator=//img[@data-image-index='1']</arg>
<doc>Click the element identified by ``locator``.</doc>
<msg timestamp="20221214 13:54:02.749" level="INFO">Clicking element '//img[@data-image-index='1']'.</msg>
<status status="PASS" starttime="20221214 13:54:02.748" endtime="20221214 13:54:06.231"/>
</kw>
<kw name="Click Element" library="SeleniumLibrary">
<arg>locator=//input[contains(@name,'submit.add-to-cart')]</arg>
<doc>Click the element identified by ``locator``.</doc>
<msg timestamp="20221214 13:54:06.231" level="INFO">Clicking element '//input[contains(@name,'submit.add-to-cart')]'.</msg>
<status status="PASS" starttime="20221214 13:54:06.231" endtime="20221214 13:54:07.775"/>
</kw>
<status status="PASS" starttime="20221214 13:54:02.748" endtime="20221214 13:54:07.775"/>
</kw>
<kw name="Verificar se o produto &quot;Console Xbox Series S&quot; foi adicionado com sucesso" library="amazon_resources" sourcename="Verificar se o produto &quot;${PRODUTO}&quot; foi adicionado com sucesso">
<kw name="Wait Until Element Is Visible" library="SeleniumLibrary">
<arg>locator=//span[@class='a-size-medium-plus a-color-base sw-atc-text a-text-bold'][contains(.,'Adicionado ao carrinho')]</arg>
<doc>Waits until the element ``locator`` is visible.</doc>
<status status="PASS" starttime="20221214 13:54:07.776" endtime="20221214 13:54:07.877"/>
</kw>
<status status="PASS" starttime="20221214 13:54:07.775" endtime="20221214 13:54:07.877"/>
</kw>
<status status="PASS" starttime="20221214 13:54:01.047" endtime="20221214 13:54:07.878"/>
</kw>
<kw name="Quando remover o produto &quot;Console Xbox Series S&quot; do carrinho" library="amazon_resources">
<kw name="Remover o produto &quot;Console Xbox Series S&quot; do carrinho" library="amazon_resources">
<kw name="Click Element" library="SeleniumLibrary">
<arg>locator=//a[@data-csa-c-type='button']</arg>
<doc>Click the element identified by ``locator``.</doc>
<msg timestamp="20221214 13:54:07.879" level="INFO">Clicking element '//a[@data-csa-c-type='button']'.</msg>
<status status="PASS" starttime="20221214 13:54:07.878" endtime="20221214 13:54:09.577"/>
</kw>
<kw name="Click Element" library="SeleniumLibrary">
<arg>locator=//input[@value='Excluir']</arg>
<doc>Click the element identified by ``locator``.</doc>
<msg timestamp="20221214 13:54:09.578" level="INFO">Clicking element '//input[@value='Excluir']'.</msg>
<status status="PASS" starttime="20221214 13:54:09.577" endtime="20221214 13:54:09.711"/>
</kw>
<status status="PASS" starttime="20221214 13:54:07.878" endtime="20221214 13:54:09.711"/>
</kw>
<status status="PASS" starttime="20221214 13:54:07.878" endtime="20221214 13:54:09.711"/>
</kw>
<kw name="Então o carrinho deve ficar vazio" library="amazon_resources">
<kw name="Verificar se o carrinho fica vazio" library="amazon_resources">
<kw name="Wait Until Element Is Visible" library="SeleniumLibrary">
<arg>locator=//h1[contains(.,'Seu carrinho de compras da Amazon está vazio.')]</arg>
<doc>Waits until the element ``locator`` is visible.</doc>
<status status="PASS" starttime="20221214 13:54:09.712" endtime="20221214 13:54:10.154"/>
</kw>
<status status="PASS" starttime="20221214 13:54:09.712" endtime="20221214 13:54:10.154"/>
</kw>
<status status="PASS" starttime="20221214 13:54:09.711" endtime="20221214 13:54:10.154"/>
</kw>
<kw name="Fechar o navegador" library="amazon_resources" type="TEARDOWN">
<kw name="Capture Page Screenshot" library="SeleniumLibrary">
<doc>Takes a screenshot of the current page and embeds it into a log file.</doc>
<msg timestamp="20221214 13:54:10.265" level="INFO" html="true">&lt;/td&gt;&lt;/tr&gt;&lt;tr&gt;&lt;td colspan="3"&gt;&lt;a href="selenium-screenshot-38.png"&gt;&lt;img src="selenium-screenshot-38.png" width="800px"&gt;&lt;/a&gt;</msg>
<status status="PASS" starttime="20221214 13:54:10.155" endtime="20221214 13:54:10.265"/>
</kw>
<kw name="Close Browser" library="SeleniumLibrary">
<doc>Closes the current browser.</doc>
<status status="PASS" starttime="20221214 13:54:10.265" endtime="20221214 13:54:12.406"/>
</kw>
<status status="PASS" starttime="20221214 13:54:10.154" endtime="20221214 13:54:12.406"/>
</kw>
<doc>Esse teste verifica a remoção de um produto no carrinho de compras</doc>
<tag>remover_carrinho</tag>
<status status="PASS" starttime="20221214 13:53:58.166" endtime="20221214 13:54:12.407"/>
</test>
<status status="PASS" starttime="20221214 13:53:57.947" endtime="20221214 13:54:12.408"/>
</suite>
<statistics>
<total>
<stat pass="1" fail="0" skip="0">All Tests</stat>
</total>
<tag>
<stat pass="1" fail="0" skip="0">remover_carrinho</stat>
</tag>
<suite>
<stat pass="1" fail="0" skip="0" id="s1" name="Amazon Testes Gherkin Bdd">Amazon Testes Gherkin Bdd</stat>
</suite>
</statistics>
<errors>
</errors>
</robot>
